proguard-project.txt
-optimizationpasses 7  
-dontusemixedcaseclassnames  
-dontskipnonpubliclibraryclasses  
-dontpreverify  
-verbose  
-optimizations !code/simplification/arithmetic,!field/*,!class/merging/*  
  
  
-keep public class * extends android.app.Activity  
-keep public class * extends android.app.Application  
-keep public class * extends android.app.Service  
-keep public class * extends android.content.BroadcastReceiver  
-keep public class * extends android.content.ContentProvider  
-keep public class * extends android.app.backup.BackupAgentHelper  
-keep public class * extends android.preference.Preference  
-keep public class com.android.vending.licensing.ILicensingService  
  
  
-keepclasseswithmembernames class * {  
    native <methods>;  
}  
  
-keepclasseswithmembers class * {  
    public <init>(android.content.Context, android.util.AttributeSet);  
}  
  
-keepclasseswithmembers class * {  
    public <init>(android.content.Context, android.util.AttributeSet, int);  
}  
  
-keepclassmembers class * extends android.app.Activity {   
    public void *(android.view.View);  
}  
  
-keep public class * extends android.view.View {  
    public <init>(android.content.Context);  
    public <init>(android.content.Context, android.util.AttributeSet);  
    public <init>(android.content.Context, android.util.AttributeSet, int);  
    public void set*(...);  
}  
  
-keepclassmembers enum * {  
    public static **[] values();  
    public static ** valueOf(java.lang.String);  
}  
  
-keep class * implements android.os.Parcelable {  
    public static final android.os.Parcelable$Creator *;  
}  
  
-keepnames class * implements java.io.Serializable  
  
-keepclassmembers class * implements java.io.Serializable {  
    static final long serialVersionUID;  
    private static final java.io.ObjectStreamField[] serialPersistentFields;  
    !static !transient <fields>;  
    private void writeObject(java.io.ObjectOutputStream);  
    private void readObject(java.io.ObjectInputStream);  
    java.lang.Object writeReplace();  
    java.lang.Object readResolve();  
}  
  
-keepattributes *Annotation*  
-keepattributes Exceptions,InnerClasses,Signature  
-keepattributes SourceFile,LineNumberTable  
  
-keep class **.R$* { *; }  
-dontwarn android.support.v4.**      
-keep class android.support.v4.** { *; }    
-keep interface android.support.v4.** { *; }  
-keep public class * extends android.support.v4.**   
-keep public class * extends android.app.Fragment  



# avidly
-keep class com.avidly.ads.** {*;}
-keep class com.avidly.channel.** { *; }
-keep class com.sm.avid.decode.** {*;}
-keep interface com.avidly.ads.** {*;}
-keep interface com.sm.avid.decode.** {*;}
-keepclasseswithmembernames class * {
    native <methods>;
}
-dontwarn com.avidly.**
-dontwarn net.vidageek.mirror.**
-keep class com.statistics.channel.* {*;}
# avidly end

# support
-keep public class * extends android.support.v4.app.Fragment
-dontwarn android.support.**
# support end

# facebook
-keep class com.facebook.ads.InterstitialAd
-keep class com.facebook.ads.AdView
-keep class com.facebook.ads.Ad
-keep class com.facebook.ads.RewardedVideoAd
-dontwarn com.facebook.ads.internal.**
# facebook end

# google
-keep class * extends java.util.ListResourceBundle {
    protected java.lang.Object[][] getContents();
}
-keep public class com.google.android.gms.common.internal.safeparcel.SafeParcelable {
    public static final *** NULL;
}
-keepclassmembers enum * {
  public static **[] values();
  public static ** valueOf(java.lang.String);
}
-keepnames @com.google.android.gms.common.annotation.KeepName class *
-keepclassmembernames class * {
    @com.google.android.gms.common.annotation.KeepName *;
}
-keepnames class * implements android.os.Parcelable {
    public static final ** CREATOR;
}
-keep class * extends java.util.ListResourceBundle {
    protected java.lang.Object[][] getContents();
}
-keep class com.google.android.gms.ads.AdRequest
-keep class com.google.android.gms.ads.reward.RewardedVideoAd
-keep class com.google.android.gms.ads.InterstitialAd
-keep class com.google.android.gms.ads.AdView
-keep class com.google.android.gms.common.** {*;}
-dontwarn com.google.android.gms.**
-dontwarn com.google.protobuf.**
# google end

# adcolony
-keep class com.adcolony.** { *; }
-dontwarn com.adcolony.**
-dontnote com.adcolony.**
# adcolony end

# Vungle
-dontwarn com.vungle.**
-dontnote com.vungle.**
-keep class com.vungle.** { *; }
-keep class javax.inject.*
-dontwarn rx.internal.**
-keep class rx.internal.**
-dontwarn de.greenrobot.event.util.**
-keepclassmembers class rx.internal.util.unsafe.*ArrayQueue*Field* {
   long producerIndex;
   long consumerIndex;
}
-keepclassmembers class rx.internal.util.unsafe.BaseLinkedQueueProducerNodeRef {
   rx.internal.util.atomic.LinkedQueueNode producerNode;
}
-keepclassmembers class rx.internal.util.unsafe.BaseLinkedQueueConsumerNodeRef {
   rx.internal.util.atomic.LinkedQueueNode consumerNode;
}
-keep class rx.schedulers.Schedulers { public static <methods>; }
-keep class rx.schedulers.ImmediateScheduler { public <methods>; }
-keep class rx.schedulers.TestScheduler { public <methods>; }
-keep class rx.schedulers.Schedulers { public static ** test(); }
-dontwarn com.moat.**
-keep class com.moat.** {
   public protected private *;
}
# vungle end

# mobvista
-keepattributes Signature
-keepattributes *Annotation*
-keep class com.mobvista.** {*; }
-keep interface com.mobvista.** {*; }
-keep class android.support.v4.** { *; }
-dontwarn com.mobvista.**
-keep class **.R$* { public static final int mobvista*; }
-keep class com.alphab.** {*; }
-keep interface com.alphab.** {*; }
# mobvista end

# unity
-keepattributes SourceFile,LineNumberTable
-keepattributes JavascriptInterface
-keep class android.webkit.JavascriptInterface {*;}
-keep class com.unity3d.ads.** {*;}
# unity end

# appnext
-keep class com.appnext.** { *; }
-dontwarn com.appnext.**
# appnext end

# applovin
-keep class com.applovin.** { *; }
-dontwarn com.applovin.**
# applovin end

# chartboost
-keep class com.chartboost.** { *; }
-dontwarn com.chartboost.**
# chartboost end

# playable
-keep class com.avidly.playablead.app.** { *; }
# playable end

# ironsource
-keep class com.ironsource.mediationsdk.IronSource
-keepclassmembers class com.ironsource.sdk.controller.IronSourceWebView$JSInterface {
    public *;
}
-keepclassmembers class * implements android.os.Parcelable {
    public static final android.os.Parcelable$Creator *;
}
-keep public class com.google.android.gms.ads.** {
   public *;
}
-keep class com.ironsource.adapters.** { *;
}
# ironsource end

# vk
-keep class com.my.target.** {*;}
-dontwarn com.my.target.**
-dontwarn com.mopub.**
# vk end

# batmobi
-keep class com.batmobi.** { *;}
# batmobi end

# inmobi
-keepattributes SourceFile,LineNumberTable
-keep class com.inmobi.** { *; }
-dontwarn com.inmobi.**
-keep public class com.google.android.gms.**
-dontwarn com.google.android.gms.**
-dontwarn com.squareup.picasso.**
-keep class com.google.android.gms.ads.identifier.AdvertisingIdClient{
     public *;
}
-keep class com.google.android.gms.ads.identifier.AdvertisingIdClient$Info{
     public *;
}
-keep class com.squareup.picasso.** {*;}
-dontwarn com.squareup.picasso.**
-dontwarn com.squareup.okhttp.**
-keep class com.moat.** {*;}
-dontwarn com.moat.**
-keep class com.integralads.avid.library.* {*;}
# inmobi end