proguard/seeds.txt
com.avidly.adsdk.demo.BannerActivity
com.avidly.adsdk.demo.BannerActivity: BannerActivity()
com.avidly.adsdk.demo.ExitActivity
com.avidly.adsdk.demo.ExitActivity: ExitActivity()
com.avidly.adsdk.demo.InterstitialActivity
com.avidly.adsdk.demo.InterstitialActivity: InterstitialActivity()
com.avidly.adsdk.demo.MainActivity
com.avidly.adsdk.demo.MainActivity: MainActivity()
com.avidly.adsdk.demo.MyApplication
com.avidly.adsdk.demo.MyApplication: MyApplication()
com.avidly.adsdk.demo.R$attr
com.avidly.adsdk.demo.R$attr: R$attr()
com.avidly.adsdk.demo.R$color
com.avidly.adsdk.demo.R$color: int ad_bg_color_green
com.avidly.adsdk.demo.R$color: int ad_inner_color_gray_dark
com.avidly.adsdk.demo.R$color: int ad_inner_color_gray_light
com.avidly.adsdk.demo.R$color: int ad_inner_color_line
com.avidly.adsdk.demo.R$color: int mobvista_reward_black
com.avidly.adsdk.demo.R$color: int mobvista_reward_black_transparent
com.avidly.adsdk.demo.R$color: int mobvista_reward_cta_color
com.avidly.adsdk.demo.R$color: int mobvista_reward_end_pager_cta_color
com.avidly.adsdk.demo.R$color: int mobvista_reward_gray
com.avidly.adsdk.demo.R$color: int mobvista_reward_green
com.avidly.adsdk.demo.R$color: int mobvista_reward_line_one_color
com.avidly.adsdk.demo.R$color: int mobvista_reward_line_two_color
com.avidly.adsdk.demo.R$color: int mobvista_reward_six_black_transparent
com.avidly.adsdk.demo.R$color: int mobvista_reward_white
com.avidly.adsdk.demo.R$color: int playable_ad_black
com.avidly.adsdk.demo.R$color: int playable_ad_blue
com.avidly.adsdk.demo.R$color: int playable_ad_grey
com.avidly.adsdk.demo.R$color: int playable_ad_translucent
com.avidly.adsdk.demo.R$color: int playable_ad_transparent
com.avidly.adsdk.demo.R$color: int playable_ad_white
com.avidly.adsdk.demo.R$color: R$color()
com.avidly.adsdk.demo.R$dimen
com.avidly.adsdk.demo.R$dimen: int playable_ad_10dp
com.avidly.adsdk.demo.R$dimen: int playable_ad_12dp
com.avidly.adsdk.demo.R$dimen: int playable_ad_24dp
com.avidly.adsdk.demo.R$dimen: int playable_ad_scene_close_area_height
com.avidly.adsdk.demo.R$dimen: int playable_ad_scene_close_area_width
com.avidly.adsdk.demo.R$dimen: int playable_ad_scene_close_btn_height
com.avidly.adsdk.demo.R$dimen: int playable_ad_scene_close_btn_width
com.avidly.adsdk.demo.R$dimen: R$dimen()
com.avidly.adsdk.demo.R$drawable
com.avidly.adsdk.demo.R$drawable: int ad_dialog_bg
com.avidly.adsdk.demo.R$drawable: int ad_fbn_ad_icon
com.avidly.adsdk.demo.R$drawable: int ad_fbn_btn_bg
com.avidly.adsdk.demo.R$drawable: int ad_fbn_close
com.avidly.adsdk.demo.R$drawable: int ad_fbn_land_bg
com.avidly.adsdk.demo.R$drawable: int ad_inner_btn_bg_gray
com.avidly.adsdk.demo.R$drawable: int ad_inner_btn_bg_green_large
com.avidly.adsdk.demo.R$drawable: int ad_inner_btn_bg_green_long
com.avidly.adsdk.demo.R$drawable: int ad_inner_btn_bg_green_middle
com.avidly.adsdk.demo.R$drawable: int ad_inner_btn_close_ads
com.avidly.adsdk.demo.R$drawable: int ad_inner_btn_close_exit
com.avidly.adsdk.demo.R$drawable: int ad_inner_btn_close_inner
com.avidly.adsdk.demo.R$drawable: int ad_push_icon
com.avidly.adsdk.demo.R$drawable: int mobvista_cm_backward
com.avidly.adsdk.demo.R$drawable: int mobvista_cm_backward_disabled
com.avidly.adsdk.demo.R$drawable: int mobvista_cm_backward_nor
com.avidly.adsdk.demo.R$drawable: int mobvista_cm_backward_selected
com.avidly.adsdk.demo.R$drawable: int mobvista_cm_end_animation
com.avidly.adsdk.demo.R$drawable: int mobvista_cm_exits
com.avidly.adsdk.demo.R$drawable: int mobvista_cm_exits_nor
com.avidly.adsdk.demo.R$drawable: int mobvista_cm_exits_selected
com.avidly.adsdk.demo.R$drawable: int mobvista_cm_forward
com.avidly.adsdk.demo.R$drawable: int mobvista_cm_forward_disabled
com.avidly.adsdk.demo.R$drawable: int mobvista_cm_forward_nor
...
com.google.android.gms.common.internal.zzd
com.google.android.gms.common.internal.zzd: int zzaGH
com.google.android.gms.common.internal.zzd: long zzaGI
com.google.android.gms.common.internal.zzd: long zzaGJ
com.google.android.gms.common.internal.zzd: int zzaGK
com.google.android.gms.common.internal.zzd: long zzaGL
com.google.android.gms.common.internal.zzd: com.google.android.gms.common.internal.zzak zzaGM
com.google.android.gms.common.internal.zzd: android.content.Context mContext
com.google.android.gms.common.internal.zzd: android.os.Looper zzrM
com.google.android.gms.common.internal.zzd: com.google.android.gms.common.internal.zzae zzaGN
com.google.android.gms.common.internal.zzd: com.google.android.gms.common.zze zzaCF
com.google.android.gms.common.internal.zzd: android.os.Handler mHandler
com.google.android.gms.common.internal.zzd: java.lang.Object mLock
com.google.android.gms.common.internal.zzd: java.lang.Object zzaGO
com.google.android.gms.common.internal.zzd: com.google.android.gms.common.internal.zzaw zzaGP
com.google.android.gms.common.internal.zzd: com.google.android.gms.common.internal.zzj zzaGQ
com.google.android.gms.common.internal.zzd: android.os.IInterface zzaGR
com.google.android.gms.common.internal.zzd: java.util.ArrayList zzaGS
com.google.android.gms.common.internal.zzd: com.google.android.gms.common.internal.zzl zzaGT
com.google.android.gms.common.internal.zzd: int zzaGU
com.google.android.gms.common.internal.zze
com.google.android.gms.common.internal.zze: int statusCode
com.google.android.gms.common.internal.zze: android.os.Bundle zzaHd
com.google.android.gms.common.internal.zze: com.google.android.gms.common.internal.zzd zzaHe
com.google.android.gms.common.internal.zze: zze(com.google.android.gms.common.internal.zzd,int,android.os.Bundle)
com.google.android.gms.common.internal.zze: boolean zzrj()
com.google.android.gms.common.internal.zze: void zzj(com.google.android.gms.common.ConnectionResult)
com.google.android.gms.common.internal.zze: void zzs(java.lang.Object)
com.google.android.gms.common.internal.zzf
com.google.android.gms.common.internal.zzf: void onConnected(android.os.Bundle)
com.google.android.gms.common.internal.zzf: void onConnectionSuspended(int)
com.google.android.gms.common.internal.zzg
com.google.android.gms.common.internal.zzg: void onConnectionFailed(com.google.android.gms.common.ConnectionResult)
com.google.android.gms.common.internal.zzh
com.google.android.gms.common.internal.zzh: com.google.android.gms.common.internal.zzd zzaHe
com.google.android.gms.common.internal.zzh: zzh(com.google.android.gms.common.internal.zzd,android.os.Looper)
com.google.android.gms.common.internal.zzh: void handleMessage(android.os.Message)
com.google.android.gms.common.internal.zzh: void zza(android.os.Message)
com.google.android.gms.common.internal.zzh: boolean zzb(android.os.Message)
com.google.android.gms.common.internal.zzi
com.google.android.gms.common.internal.zzi: java.lang.Object mListener
com.google.android.gms.common.internal.zzi: boolean zzaHf
com.google.android.gms.common.internal.zzi: com.google.android.gms.common.internal.zzd zzaHe
com.google.android.gms.common.internal.zzi: zzi(com.google.android.gms.common.internal.zzd,java.lang.Object)
com.google.android.gms.common.internal.zzi: void zzs(java.lang.Object)
com.google.android.gms.common.internal.zzi: void zzrk()
com.google.android.gms.common.internal.zzi: void unregister()
com.google.android.gms.common.internal.zzi: void removeListener()
com.google.android.gms.common.internal.zzj
com.google.android.gms.common.internal.zzj: void zzf(com.google.android.gms.common.ConnectionResult)