proguard/mapping.txt
com.avidly.adsdk.demo.BannerActivity -> com.avidly.adsdk.demo.BannerActivity:
    android.widget.LinearLayout banner_container -> a
    android.widget.LinearLayout rectangle_container -> b
    com.avidly.ads.AvidlyBannerAd mBannerAd -> c
    com.avidly.ads.AvidlyRectangleAd mRectangleAd -> d
    23:67:void onCreate(android.os.Bundle) -> onCreate
    71:78:void onDestroy() -> onDestroy
com.avidly.adsdk.demo.BannerActivity$1 -> com.avidly.adsdk.demo.a:
    com.avidly.adsdk.demo.BannerActivity this$0 -> a
    31:31:void onClicked() -> onClicked
    36:36:void onDisplayed() -> onDisplayed
com.avidly.adsdk.demo.BannerActivity$2 -> com.avidly.adsdk.demo.b:
    com.avidly.adsdk.demo.BannerActivity this$0 -> a
    44:44:void onClicked() -> onClicked
    49:49:void onDisplayed() -> onDisplayed
com.avidly.adsdk.demo.BannerActivity$3 -> com.avidly.adsdk.demo.c:
    com.avidly.adsdk.demo.BannerActivity this$0 -> a
    55:57:void run() -> run
com.avidly.adsdk.demo.BannerActivity$4 -> com.avidly.adsdk.demo.d:
    com.avidly.adsdk.demo.BannerActivity this$0 -> a
    63:65:void run() -> run
com.avidly.adsdk.demo.ExitActivity -> com.avidly.adsdk.demo.ExitActivity:
    com.avidly.ads.AvidlyExitAd mAvidlyExitAd -> a
    android.widget.TextView mTextView -> b
    25:59:void onCreate(android.os.Bundle) -> onCreate
    63:66:void onResume() -> onResume
    70:89:void onBackPressed() -> onBackPressed
    1:1:void access$0(com.avidly.adsdk.demo.ExitActivity) -> a
com.avidly.adsdk.demo.ExitActivity$1 -> com.avidly.adsdk.demo.e:
    com.avidly.adsdk.demo.ExitActivity this$0 -> a
    33:34:void onClicked() -> onClicked
    38:39:void onClickedMore() -> onClickedMore
    43:44:void onDisplayed() -> onDisplayed
    48:50:void onExit() -> onExit
    54:56:void onCancel() -> onCancel
com.avidly.adsdk.demo.ExitActivity$2 -> com.avidly.adsdk.demo.f:
    com.avidly.adsdk.demo.ExitActivity this$0 -> a
    74:75:void run() -> run
com.avidly.adsdk.demo.ExitActivity$3 -> com.avidly.adsdk.demo.g:
    com.avidly.adsdk.demo.ExitActivity this$0 -> a
    84:86:void run() -> run
com.avidly.adsdk.demo.InterstitialActivity -> com.avidly.adsdk.demo.InterstitialActivity:
    com.avidly.ads.AvidlyInterstitialAd mInterstitialAdAAA -> a
    com.avidly.ads.AvidlyInterstitialAd mInterstitialAdBBB -> b
    android.widget.Button mButtonAAA -> c
    android.widget.Button mButtonBBB -> d
    android.widget.Button mBtnDebugView -> e
    26:95:void onCreate(android.os.Bundle) -> onCreate
com.avidly.adsdk.demo.InterstitialActivity$1 -> com.avidly.adsdk.demo.h:
    com.avidly.adsdk.demo.InterstitialActivity this$0 -> a
    33:34:void onClicked() -> onClicked
    38:39:void onClosed() -> onClosed
    43:44:void onDisplayed() -> onDisplayed
com.avidly.adsdk.demo.InterstitialActivity$2 -> com.avidly.adsdk.demo.i:
    com.avidly.adsdk.demo.InterstitialActivity this$0 -> a
    51:52:void onClicked() -> onClicked
    56:57:void onClosed() -> onClosed
    61:62:void onDisplayed() -> onDisplayed
com.avidly.adsdk.demo.InterstitialActivity$3 -> com.avidly.adsdk.demo.j:
    com.avidly.adsdk.demo.InterstitialActivity this$0 -> a
    72:75:void onClick(android.view.View) -> onClick
com.avidly.adsdk.demo.InterstitialActivity$4 -> com.avidly.adsdk.demo.k:
    com.avidly.adsdk.demo.InterstitialActivity this$0 -> a
    81:84:void onClick(android.view.View) -> onClick
com.avidly.adsdk.demo.InterstitialActivity$5 -> com.avidly.adsdk.demo.l:
    com.avidly.adsdk.demo.InterstitialActivity this$0 -> a
    90:93:void onClick(android.view.View) -> onClick
com.avidly.adsdk.demo.MainActivity -> com.avidly.adsdk.demo.MainActivity:
    android.widget.Button btnVideo -> a
    android.widget.Button btnBanner -> b
    android.widget.Button btnInterstitial -> c
    android.widget.Button btnExit -> d
    19:57:void onCreate(android.os.Bundle) -> onCreate
...
com.google.android.gms.dynamic.zzl -> com.google.android.gms.dynamic.zzl:
    boolean onTransact(int,android.os.Parcel,android.os.Parcel,int) -> onTransact
com.google.android.gms.dynamic.zzm -> com.google.android.gms.dynamic.zzm:
com.google.android.gms.dynamic.zzn -> com.google.android.gms.dynamic.zzn:
    java.lang.Object mWrappedObject -> a
    com.google.android.gms.dynamic.IObjectWrapper zzw(java.lang.Object) -> a
    java.lang.Object zzE(com.google.android.gms.dynamic.IObjectWrapper) -> a
com.google.android.gms.dynamic.zzo -> com.google.android.gms.dynamic.zzo:
com.google.android.gms.dynamic.zzp -> com.google.android.gms.dynamic.zzp:
    java.lang.String zzaSC -> zzaSC
    java.lang.Object zzaSD -> zzaSD
    java.lang.Object zzaS(android.content.Context) -> zzaS
    java.lang.Object zzb(android.os.IBinder) -> zzb
com.google.android.gms.dynamic.zzq -> com.google.android.gms.dynamic.zzq:
com.google.android.gms.dynamic.zzr -> com.google.android.gms.dynamic.zzr:
    android.support.v4.app.Fragment zzaSE -> a
    com.google.android.gms.dynamic.zzr zza(android.support.v4.app.Fragment) -> a
    com.google.android.gms.dynamic.IObjectWrapper zzty() -> a
    android.os.Bundle getArguments() -> b
    int getId() -> c
    com.google.android.gms.dynamic.zzk zztz() -> d
    com.google.android.gms.dynamic.IObjectWrapper zztA() -> e
    boolean getRetainInstance() -> f
    java.lang.String getTag() -> g
    com.google.android.gms.dynamic.zzk zztB() -> h
    int getTargetRequestCode() -> i
    boolean getUserVisibleHint() -> j
    com.google.android.gms.dynamic.IObjectWrapper getView() -> k
    boolean isAdded() -> l
    boolean isDetached() -> m
    boolean isHidden() -> n
    boolean isInLayout() -> o
    boolean isRemoving() -> p
    boolean isResumed() -> q
    boolean isVisible() -> r
    void zzC(com.google.android.gms.dynamic.IObjectWrapper) -> a
    void setHasOptionsMenu(boolean) -> a
    void setMenuVisibility(boolean) -> b
    void setRetainInstance(boolean) -> c
    void setUserVisibleHint(boolean) -> d
    void startActivity(android.content.Intent) -> a
    void startActivityForResult(android.content.Intent,int) -> a
    void zzD(com.google.android.gms.dynamic.IObjectWrapper) -> b
com.google.android.gms.dynamite.DynamiteModule -> com.google.android.gms.dynamite.DynamiteModule:
    java.lang.Boolean zzaSF -> e
    com.google.android.gms.dynamite.zzj zzaSG -> f
    com.google.android.gms.dynamite.zzl zzaSH -> g
    java.lang.String zzaSI -> h
    java.lang.ThreadLocal zzaSJ -> i
    com.google.android.gms.dynamite.zzh zzaSK -> j
    com.google.android.gms.dynamite.DynamiteModule$zzd zzaSL -> a
    com.google.android.gms.dynamite.DynamiteModule$zzd zzaSM -> k
    com.google.android.gms.dynamite.DynamiteModule$zzd zzaSN -> b
    com.google.android.gms.dynamite.DynamiteModule$zzd zzaSO -> c
    com.google.android.gms.dynamite.DynamiteModule$zzd zzaSP -> d
    android.content.Context zzaSQ -> l
    com.google.android.gms.dynamite.DynamiteModule zza(android.content.Context,com.google.android.gms.dynamite.DynamiteModule$zzd,java.lang.String) -> a
    int zzE(android.content.Context,java.lang.String) -> a
    int zzb(android.content.Context,java.lang.String,boolean) -> a
    int zzc(android.content.Context,java.lang.String,boolean) -> b
    int zzd(android.content.Context,java.lang.String,boolean) -> c
    int zzF(android.content.Context,java.lang.String) -> b
    com.google.android.gms.dynamite.DynamiteModule zzG(android.content.Context,java.lang.String) -> c
    com.google.android.gms.dynamite.DynamiteModule zza(android.content.Context,java.lang.String,int) -> a
com.google.android.gms.dynamite.DynamiteModule$DynamiteLoaderClassLoader -> com.google.android.gms.dynamite.DynamiteModule$DynamiteLoaderClassLoader:
com.google.android.gms.dynamite.DynamiteModule$zza -> com.google.android.gms.dynamite.DynamiteModule$a:
    android.database.Cursor zzaSR -> a