proguard/usage.txt
com.avidly.adsdk.demo.BannerActivity:
    private static final java.lang.String TAG
com.avidly.adsdk.demo.BuildConfig
com.avidly.adsdk.demo.ExitActivity:
    private static final java.lang.String TAG
com.avidly.adsdk.demo.InterstitialActivity:
    private static final java.lang.String TAG
    com.avidly.ads.AvidlyInterstitialAd mInterstitialAdCCC
com.avidly.adsdk.demo.MainActivity:
    private static final java.lang.String TAG
com.avidly.adsdk.demo.R:
    10:10:public R()
com.avidly.adsdk.demo.VideoActivity:
    private static final java.lang.String TAG
...
com.google.android.gms.internal.zzbzz:
    public zzbzz(int,java.lang.String,java.lang.String)
    private final java.lang.String zze(com.google.android.gms.internal.zzcac)
    public final synthetic java.lang.Object zza(com.google.android.gms.internal.zzcac)
com.google.android.gms.internal.zzcaa:
    public final void zza(com.google.android.gms.internal.zzbzu)
com.google.android.gms.internal.zzcab:
    public final void initialize(android.content.Context)
    public final java.lang.Object zzb(com.google.android.gms.internal.zzbzu)
com.google.android.gms.internal.zzcad:
    public static com.google.android.gms.internal.zzcac asInterface(android.os.IBinder)
com.google.android.gms.internal.zzcae:
    zzcae(android.os.IBinder)
com.google.android.gms.internal.zzcaf:
    private static com.google.android.gms.internal.zzcaf zzua()
    public static com.google.android.gms.internal.zzcaa zzub()
    public static com.google.android.gms.internal.zzcab zzuc()
com.google.android.gms.internal.zzcry:
    public abstract void zza(com.google.android.gms.internal.zzcrw,byte[],java.lang.String)
    public abstract void zza(com.google.android.gms.internal.zzcrw)
    public abstract void zzAj()
    public abstract void zzb(com.google.android.gms.internal.zzcrw)
    public abstract void zzc(com.google.android.gms.internal.zzcrw)
    public abstract void zzd(com.google.android.gms.internal.zzcrw)
    public abstract void zza(com.google.android.gms.internal.zzcrw,java.lang.String)
com.google.android.gms.internal.zzcrz:
    public final void zza(com.google.android.gms.internal.zzcrw,byte[],java.lang.String)
    public final void zza(com.google.android.gms.internal.zzcrw)
    public final void zzAj()
    public final void zzb(com.google.android.gms.internal.zzcrw)
    public final void zzc(com.google.android.gms.internal.zzcrw)
    public final void zzd(com.google.android.gms.internal.zzcrw)
    public final void zza(com.google.android.gms.internal.zzcrw,java.lang.String)
com.google.android.gms.internal.zzcsa:
    public com.google.android.gms.common.api.PendingResult attest(com.google.android.gms.common.api.GoogleApiClient,byte[])
    public static com.google.android.gms.common.api.PendingResult zza(com.google.android.gms.common.api.GoogleApiClient,byte[],java.lang.String)
    public com.google.android.gms.common.api.PendingResult lookupUri(com.google.android.gms.common.api.GoogleApiClient,java.util.List,java.lang.String)
    public varargs com.google.android.gms.common.api.PendingResult lookupUri(com.google.android.gms.common.api.GoogleApiClient,java.lang.String,int[])
    public varargs com.google.android.gms.common.api.PendingResult lookupUri(com.google.android.gms.common.api.GoogleApiClient,java.lang.String,java.lang.String,int[])
    public static varargs com.google.android.gms.common.api.PendingResult zza(com.google.android.gms.common.api.GoogleApiClient,java.lang.String,int,java.lang.String,int[])
    public varargs boolean lookupUriInLocalBlacklist(java.lang.String,int[])
    public boolean isVerifyAppsEnabled(android.content.Context)
    public com.google.android.gms.common.api.PendingResult isVerifyAppsEnabled(com.google.android.gms.common.api.GoogleApiClient)
    public com.google.android.gms.common.api.PendingResult enableVerifyApps(com.google.android.gms.common.api.GoogleApiClient)
    public com.google.android.gms.common.api.PendingResult listHarmfulApps(com.google.android.gms.common.api.GoogleApiClient)
com.google.android.gms.internal.zzcsa$zza
com.google.android.gms.internal.zzcsa$zzb
com.google.android.gms.internal.zzcsa$zzc
com.google.android.gms.internal.zzcsa$zzd
com.google.android.gms.internal.zzcsa$zze
com.google.android.gms.internal.zzcsa$zzg
com.google.android.gms.internal.zzcsa$zzh
com.google.android.gms.internal.zzcsa$zzi:
    public final java.util.List getDetectedThreats()
com.google.android.gms.internal.zzcsa$zzj
com.google.android.gms.internal.zzcsb
com.google.android.gms.internal.zzcsd